[debug] [2021-02-07T14:58:05.298Z] ----------------------------------------------------------------------
[debug] [2021-02-07T14:58:05.301Z] Command:       /usr/local/bin/node /usr/local/bin/firebase emulators:start
[debug] [2021-02-07T14:58:05.301Z] CLI Version:   9.2.2
[debug] [2021-02-07T14:58:05.301Z] Platform:      darwin
[debug] [2021-02-07T14:58:05.301Z] Node Version:  v14.15.3
[debug] [2021-02-07T14:58:05.303Z] Time:          Sun Feb 07 2021 15:58:05 GMT+0100 (Central European Standard Time)
[debug] [2021-02-07T14:58:05.303Z] ----------------------------------------------------------------------
[debug] [2021-02-07T14:58:05.303Z] 
[debug] [2021-02-07T14:58:05.314Z] > command requires scopes: ["email","openid","https://www.googleapis.com/auth/cloudplatformprojects.readonly","https://www.googleapis.com/auth/firebase","https://www.googleapis.com/auth/cloud-platform"]
[debug] [2021-02-07T14:58:05.315Z] > authorizing via signed-in user
[info] i  emulators: Starting emulators: functions, database {"metadata":{"emulator":{"name":"hub"},"message":"Starting emulators: functions, database"}}
[debug] [2021-02-07T14:58:05.348Z] [hub] writing locator at /var/folders/y1/v75yyprx311ckqwlwmdth0440000gn/T/hub-challenge-87799.json
[warn] ⚠  functions: The following emulators are not running, calls to these services from the Functions emulator will affect production: auth, firestore, hosting, pubsub {"metadata":{"emulator":{"name":"functions"},"message":"The following emulators are not running, calls to these services from the Functions emulator will affect production: \u001b[1mauth, firestore, hosting, pubsub\u001b[22m"}}
[warn] ⚠  Your requested "node" version "12" doesn't match your global version "14" {"metadata":{"emulator":{"name":"functions"},"message":"Your requested \"node\" version \"12\" doesn't match your global version \"14\""}}
[debug] [2021-02-07T14:58:05.435Z] defaultcredentials: writing to file /Users/boonaneezkorookeez/.config/firebase/lamiamoshrif_gmail_com_application_default_credentials.json
[debug] [2021-02-07T14:58:05.442Z] Setting GAC to /Users/boonaneezkorookeez/.config/firebase/lamiamoshrif_gmail_com_application_default_credentials.json {"metadata":{"emulator":{"name":"functions"},"message":"Setting GAC to /Users/boonaneezkorookeez/.config/firebase/lamiamoshrif_gmail_com_application_default_credentials.json"}}
[debug] [2021-02-07T14:58:05.446Z] > refreshing access token with scopes: []
[debug] [2021-02-07T14:58:05.447Z] >>> HTTP REQUEST POST https://www.googleapis.com/oauth2/v3/token  
 <request body omitted>
[debug] [2021-02-07T14:58:05.585Z] <<< HTTP RESPONSE 200 {"pragma":"no-cache","date":"Sun, 07 Feb 2021 14:58:05 GMT","cache-control":"no-cache, no-store, max-age=0, must-revalidate","expires":"Mon, 01 Jan 1990 00:00:00 GMT","content-type":"application/json; charset=utf-8","vary":"X-Origin, Referer, Origin,Accept-Encoding","server":"scaffolding on HTTPServer2","x-xss-protection":"0","x-frame-options":"SAMEORIGIN","x-content-type-options":"nosniff","alt-svc":"h3-29=\":443\"; ma=2592000,h3-T051=\":443\"; ma=2592000,h3-Q050=\":443\"; ma=2592000,h3-Q046=\":443\"; ma=2592000,h3-Q043=\":443\"; ma=2592000,quic=\":443\"; ma=2592000; v=\"46,43\"","accept-ranges":"none","transfer-encoding":"chunked"}
[debug] [2021-02-07T14:58:05.603Z] >>> [apiv2][query] GET https://firebase.googleapis.com/v1beta1/projects/challenge-87799/adminSdkConfig [none]
[debug] [2021-02-07T14:58:06.229Z] <<< [apiv2][status] GET https://firebase.googleapis.com/v1beta1/projects/challenge-87799/adminSdkConfig 200
[debug] [2021-02-07T14:58:06.229Z] <<< [apiv2][body] GET https://firebase.googleapis.com/v1beta1/projects/challenge-87799/adminSdkConfig {"projectId":"challenge-87799","databaseURL":"https://challenge-87799-default-rtdb.firebaseio.com","storageBucket":"challenge-87799.appspot.com","locationId":"europe-west"}
[debug] [2021-02-07T14:58:06.275Z] database rules config:  [{"instance":"challenge-87799","rules":"/Users/boonaneezkorookeez/Desktop/amazon-clone/amazon-clone/database.rules.json"}]
[info] i  database: downloading firebase-database-emulator-v4.7.2.jar... {"metadata":{"emulator":{"name":"database"},"message":"downloading firebase-database-emulator-v4.7.2.jar..."}}
[debug] [2021-02-07T14:58:06.284Z] >>> [apiv2][query] GET https://storage.googleapis.com/firebase-preview-drop/emulator/firebase-database-emulator-v4.7.2.jar [none]
[debug] [2021-02-07T14:58:07.436Z] <<< [apiv2][status] GET https://storage.googleapis.com/firebase-preview-drop/emulator/firebase-database-emulator-v4.7.2.jar 200
[debug] [2021-02-07T14:58:07.437Z] <<< [apiv2][body] GET https://storage.googleapis.com/firebase-preview-drop/emulator/firebase-database-emulator-v4.7.2.jar [stream]
[debug] [2021-02-07T14:58:11.285Z] Ignoring unsupported arg: projectId {"metadata":{"emulator":{"name":"database"},"message":"Ignoring unsupported arg: projectId"}}
[debug] [2021-02-07T14:58:11.286Z] Ignoring unsupported arg: auto_download {"metadata":{"emulator":{"name":"database"},"message":"Ignoring unsupported arg: auto_download"}}
[debug] [2021-02-07T14:58:11.286Z] Ignoring unsupported arg: rules {"metadata":{"emulator":{"name":"database"},"message":"Ignoring unsupported arg: rules"}}
[debug] [2021-02-07T14:58:11.287Z] Starting Database Emulator with command {"binary":"java","args":["-Duser.language=en","-jar","/Users/boonaneezkorookeez/.cache/firebase/emulators/firebase-database-emulator-v4.7.2.jar","--host","localhost","--port",9000,"--functions_emulator_host","localhost","--functions_emulator_port",5001],"optionalArgs":["port","host","functions_emulator_port","functions_emulator_host"],"joinArgs":false} {"metadata":{"emulator":{"name":"database"},"message":"Starting Database Emulator with command {\"binary\":\"java\",\"args\":[\"-Duser.language=en\",\"-jar\",\"/Users/boonaneezkorookeez/.cache/firebase/emulators/firebase-database-emulator-v4.7.2.jar\",\"--host\",\"localhost\",\"--port\",9000,\"--functions_emulator_host\",\"localhost\",\"--functions_emulator_port\",5001],\"optionalArgs\":[\"port\",\"host\",\"functions_emulator_port\",\"functions_emulator_host\"],\"joinArgs\":false}"}}
[info] i  database: Database Emulator logging to database-debug.log {"metadata":{"emulator":{"name":"database"},"message":"Database Emulator logging to \u001b[1mdatabase-debug.log\u001b[22m"}}
[debug] [2021-02-07T14:58:13.296Z] WARNING: An illegal reflective access operation has occurred
WARNING: Illegal reflective access by io.netty.util.internal.ReflectionUtil (file:/Users/boonaneezkorookeez/.cache/firebase/emulators/firebase-database-emulator-v4.7.2.jar) to field sun.nio.ch.SelectorImpl.selectedKeys
WARNING: Please consider reporting this to the maintainers of io.netty.util.internal.ReflectionUtil
WARNING: Use --illegal-access=warn to enable warnings of further illegal reflective access operations
WARNING: All illegal access operations will be denied in a future release
 {"metadata":{"emulator":{"name":"database"},"message":"WARNING: An illegal reflective access operation has occurred\nWARNING: Illegal reflective access by io.netty.util.internal.ReflectionUtil (file:/Users/boonaneezkorookeez/.cache/firebase/emulators/firebase-database-emulator-v4.7.2.jar) to field sun.nio.ch.SelectorImpl.selectedKeys\nWARNING: Please consider reporting this to the maintainers of io.netty.util.internal.ReflectionUtil\nWARNING: Use --illegal-access=warn to enable warnings of further illegal reflective access operations\nWARNING: All illegal access operations will be denied in a future release\n"}}
[debug] [2021-02-07T14:58:14.247Z] 15:58:14.245 [NamespaceSystem-akka.actor.default-dispatcher-4] INFO akka.event.slf4j.Slf4jLogger - Slf4jLogger started
 {"metadata":{"emulator":{"name":"database"},"message":"15:58:14.245 [NamespaceSystem-akka.actor.default-dispatcher-4] INFO akka.event.slf4j.Slf4jLogger - Slf4jLogger started\n"}}
[debug] [2021-02-07T14:58:14.464Z] 15:58:14.463 [main] INFO com.firebase.server.forge.App$ - Listening at localhost:9000
 {"metadata":{"emulator":{"name":"database"},"message":"15:58:14.463 [main] INFO com.firebase.server.forge.App$ - Listening at localhost:9000\n"}}
[debug] [2021-02-07T14:58:14.923Z] Ignoring unsupported arg: auto_download {"metadata":{"emulator":{"name":"ui"},"message":"Ignoring unsupported arg: auto_download"}}
[debug] [2021-02-07T14:58:14.924Z] Ignoring unsupported arg: port {"metadata":{"emulator":{"name":"ui"},"message":"Ignoring unsupported arg: port"}}
[debug] [2021-02-07T14:58:14.924Z] Starting Emulator UI with command {"binary":"node","args":["/Users/boonaneezkorookeez/.cache/firebase/emulators/ui-v1.4.1/server.bundle.js"],"optionalArgs":[],"joinArgs":false} {"metadata":{"emulator":{"name":"ui"},"message":"Starting Emulator UI with command {\"binary\":\"node\",\"args\":[\"/Users/boonaneezkorookeez/.cache/firebase/emulators/ui-v1.4.1/server.bundle.js\"],\"optionalArgs\":[],\"joinArgs\":false}"}}
[info] i  ui: Emulator UI logging to ui-debug.log {"metadata":{"emulator":{"name":"ui"},"message":"Emulator UI logging to \u001b[1mui-debug.log\u001b[22m"}}
[debug] [2021-02-07T14:58:15.053Z] Web / API server started at http://localhost:4000
 {"metadata":{"emulator":{"name":"ui"},"message":"Web / API server started at http://localhost:4000\n"}}
[info] i  functions: Watching "/Users/boonaneezkorookeez/Desktop/amazon-clone/amazon-clone/functions" for Cloud Functions... {"metadata":{"emulator":{"name":"functions"},"message":"Watching \"/Users/boonaneezkorookeez/Desktop/amazon-clone/amazon-clone/functions\" for Cloud Functions..."}}
[debug] [2021-02-07T14:58:15.201Z] [worker-pool] addWorker(~diagnostic~) {"metadata":{"emulator":{"name":"functions"},"message":"[worker-pool] addWorker(~diagnostic~)"}}
[debug] [2021-02-07T14:58:15.201Z] [worker-pool] Adding worker with key ~diagnostic~, total=1 {"metadata":{"emulator":{"name":"functions"},"message":"[worker-pool] Adding worker with key ~diagnostic~, total=1"}}
[debug] [2021-02-07T14:58:15.202Z] [worker-pool] submitWork(triggerId=) {"metadata":{"emulator":{"name":"functions"},"message":"[worker-pool] submitWork(triggerId=)"}}
[debug] [2021-02-07T14:58:15.202Z] [worker-~diagnostic~-ae46173f-336d-4c23-ad9f-d6797e55b3e0]: Assigning socketPath: /var/folders/y1/v75yyprx311ckqwlwmdth0440000gn/T/fire_emu_713.sock {"metadata":{"emulator":{"name":"functions"},"message":"[worker-~diagnostic~-ae46173f-336d-4c23-ad9f-d6797e55b3e0]: Assigning socketPath: /var/folders/y1/v75yyprx311ckqwlwmdth0440000gn/T/fire_emu_713.sock"}}
[debug] [2021-02-07T14:58:15.202Z] [worker-~diagnostic~-ae46173f-336d-4c23-ad9f-d6797e55b3e0]: BUSY {"metadata":{"emulator":{"name":"functions"},"message":"[worker-~diagnostic~-ae46173f-336d-4c23-ad9f-d6797e55b3e0]: BUSY"}}
[debug] [2021-02-07T14:58:15.404Z] [runtime-status] [713] Functions runtime initialized. {"cwd":"/Users/boonaneezkorookeez/Desktop/amazon-clone/amazon-clone/functions","node_version":"14.15.3"} {"metadata":{"emulator":{"name":"functions"},"message":"[runtime-status] [713] Functions runtime initialized. {\"cwd\":\"/Users/boonaneezkorookeez/Desktop/amazon-clone/amazon-clone/functions\",\"node_version\":\"14.15.3\"}"}}
[debug] [2021-02-07T14:58:15.405Z] [runtime-status] [713] Disabled runtime features: undefined {"metadata":{"emulator":{"name":"functions"},"message":"[runtime-status] [713] Disabled runtime features: undefined"}}
[debug] [2021-02-07T14:58:15.408Z] [runtime-status] [713] Resolved module firebase-admin {"declared":true,"installed":true,"version":"9.4.2","resolution":"/Users/boonaneezkorookeez/Desktop/amazon-clone/amazon-clone/functions/node_modules/firebase-admin/lib/index.js"} {"metadata":{"emulator":{"name":"functions"},"message":"[runtime-status] [713] Resolved module firebase-admin {\"declared\":true,\"installed\":true,\"version\":\"9.4.2\",\"resolution\":\"/Users/boonaneezkorookeez/Desktop/amazon-clone/amazon-clone/functions/node_modules/firebase-admin/lib/index.js\"}"}}
[debug] [2021-02-07T14:58:15.410Z] [runtime-status] [713] Resolved module firebase-functions {"declared":true,"installed":true,"version":"3.13.1","resolution":"/Users/boonaneezkorookeez/Desktop/amazon-clone/amazon-clone/functions/node_modules/firebase-functions/lib/index.js"} {"metadata":{"emulator":{"name":"functions"},"message":"[runtime-status] [713] Resolved module firebase-functions {\"declared\":true,\"installed\":true,\"version\":\"3.13.1\",\"resolution\":\"/Users/boonaneezkorookeez/Desktop/amazon-clone/amazon-clone/functions/node_modules/firebase-functions/lib/index.js\"}"}}
[debug] [2021-02-07T14:58:15.413Z] [runtime-status] [713] Resolved module firebase-functions {"declared":true,"installed":true,"version":"3.13.1","resolution":"/Users/boonaneezkorookeez/Desktop/amazon-clone/amazon-clone/functions/node_modules/firebase-functions/lib/index.js"} {"metadata":{"emulator":{"name":"functions"},"message":"[runtime-status] [713] Resolved module firebase-functions {\"declared\":true,\"installed\":true,\"version\":\"3.13.1\",\"resolution\":\"/Users/boonaneezkorookeez/Desktop/amazon-clone/amazon-clone/functions/node_modules/firebase-functions/lib/index.js\"}"}}
[debug] [2021-02-07T14:58:15.417Z] [runtime-status] [713] Outgoing network have been stubbed. [{"name":"http","status":"mocked"},{"name":"http","status":"mocked"},{"name":"https","status":"mocked"},{"name":"https","status":"mocked"},{"name":"net","status":"mocked"}] {"metadata":{"emulator":{"name":"functions"},"message":"[runtime-status] [713] Outgoing network have been stubbed. [{\"name\":\"http\",\"status\":\"mocked\"},{\"name\":\"http\",\"status\":\"mocked\"},{\"name\":\"https\",\"status\":\"mocked\"},{\"name\":\"https\",\"status\":\"mocked\"},{\"name\":\"net\",\"status\":\"mocked\"}]"}}
[debug] [2021-02-07T14:58:15.418Z] [runtime-status] [713] Resolved module firebase-functions {"declared":true,"installed":true,"version":"3.13.1","resolution":"/Users/boonaneezkorookeez/Desktop/amazon-clone/amazon-clone/functions/node_modules/firebase-functions/lib/index.js"} {"metadata":{"emulator":{"name":"functions"},"message":"[runtime-status] [713] Resolved module firebase-functions {\"declared\":true,\"installed\":true,\"version\":\"3.13.1\",\"resolution\":\"/Users/boonaneezkorookeez/Desktop/amazon-clone/amazon-clone/functions/node_modules/firebase-functions/lib/index.js\"}"}}
[debug] [2021-02-07T14:58:15.496Z] [runtime-status] [713] Checked functions.config() {"config":{}} {"metadata":{"emulator":{"name":"functions"},"message":"[runtime-status] [713] Checked functions.config() {\"config\":{}}"}}
[debug] [2021-02-07T14:58:15.497Z] [runtime-status] [713] firebase-functions has been stubbed. {"functionsResolution":{"declared":true,"installed":true,"version":"3.13.1","resolution":"/Users/boonaneezkorookeez/Desktop/amazon-clone/amazon-clone/functions/node_modules/firebase-functions/lib/index.js"}} {"metadata":{"emulator":{"name":"functions"},"message":"[runtime-status] [713] firebase-functions has been stubbed. {\"functionsResolution\":{\"declared\":true,\"installed\":true,\"version\":\"3.13.1\",\"resolution\":\"/Users/boonaneezkorookeez/Desktop/amazon-clone/amazon-clone/functions/node_modules/firebase-functions/lib/index.js\"}}"}}
[debug] [2021-02-07T14:58:15.498Z] [runtime-status] [713] Resolved module firebase-functions {"declared":true,"installed":true,"version":"3.13.1","resolution":"/Users/boonaneezkorookeez/Desktop/amazon-clone/amazon-clone/functions/node_modules/firebase-functions/lib/index.js"} {"metadata":{"emulator":{"name":"functions"},"message":"[runtime-status] [713] Resolved module firebase-functions {\"declared\":true,\"installed\":true,\"version\":\"3.13.1\",\"resolution\":\"/Users/boonaneezkorookeez/Desktop/amazon-clone/amazon-clone/functions/node_modules/firebase-functions/lib/index.js\"}"}}
[debug] [2021-02-07T14:58:15.499Z] [runtime-status] [713] Resolved module firebase-admin {"declared":true,"installed":true,"version":"9.4.2","resolution":"/Users/boonaneezkorookeez/Desktop/amazon-clone/amazon-clone/functions/node_modules/firebase-admin/lib/index.js"} {"metadata":{"emulator":{"name":"functions"},"message":"[runtime-status] [713] Resolved module firebase-admin {\"declared\":true,\"installed\":true,\"version\":\"9.4.2\",\"resolution\":\"/Users/boonaneezkorookeez/Desktop/amazon-clone/amazon-clone/functions/node_modules/firebase-admin/lib/index.js\"}"}}
[debug] [2021-02-07T14:58:15.500Z] [runtime-status] [713] Resolved module firebase-functions {"declared":true,"installed":true,"version":"3.13.1","resolution":"/Users/boonaneezkorookeez/Desktop/amazon-clone/amazon-clone/functions/node_modules/firebase-functions/lib/index.js"} {"metadata":{"emulator":{"name":"functions"},"message":"[runtime-status] [713] Resolved module firebase-functions {\"declared\":true,\"installed\":true,\"version\":\"3.13.1\",\"resolution\":\"/Users/boonaneezkorookeez/Desktop/amazon-clone/amazon-clone/functions/node_modules/firebase-functions/lib/index.js\"}"}}
[debug] [2021-02-07T14:58:15.501Z] [runtime-status] [713] firebase-admin has been stubbed. {"adminResolution":{"declared":true,"installed":true,"version":"9.4.2","resolution":"/Users/boonaneezkorookeez/Desktop/amazon-clone/amazon-clone/functions/node_modules/firebase-admin/lib/index.js"}} {"metadata":{"emulator":{"name":"functions"},"message":"[runtime-status] [713] firebase-admin has been stubbed. {\"adminResolution\":{\"declared\":true,\"installed\":true,\"version\":\"9.4.2\",\"resolution\":\"/Users/boonaneezkorookeez/Desktop/amazon-clone/amazon-clone/functions/node_modules/firebase-admin/lib/index.js\"}}"}}
[info] ✔  functions[api]: http function initialized (http://localhost:5001/challenge-87799/us-central1/api). {"metadata":{"emulator":{"name":"functions"},"message":"\u001b[1mhttp\u001b[22m function initialized (http://localhost:5001/challenge-87799/us-central1/api)."}}
[debug] [2021-02-07T14:58:15.798Z] >>> HTTP REQUEST PUT http://localhost:9000/.settings/rules.json?ns=challenge-87799  
 {
  /* Visit https://firebase.google.com/docs/database/security to learn more about security rules. */
  "rules": {
    ".read": false,
    ".write": false
  }
}
[debug] [2021-02-07T14:58:15.800Z] [worker-~diagnostic~-ae46173f-336d-4c23-ad9f-d6797e55b3e0]: IDLE {"metadata":{"emulator":{"name":"functions"},"message":"[worker-~diagnostic~-ae46173f-336d-4c23-ad9f-d6797e55b3e0]: IDLE"}}
[debug] [2021-02-07T14:58:16.308Z] <<< HTTP RESPONSE 200 {"content-length":"15","content-type":"application/json; charset=utf-8","access-control-allow-origin":"*","cache-control":"no-cache","x-firebase-project-id":"challenge-87799","x-firebase-project-number":"123456789","x-firebase-uuid":"b1d663f9-14ca-421b-9e0e-b59a167d1807"}
[info] 
┌─────────────────────────────────────────────────────────────┐
│ ✔  All emulators ready! It is now safe to connect your app. │
│ i  View Emulator UI at http://localhost:4000                │
└─────────────────────────────────────────────────────────────┘

┌───────────┬────────────────┬─────────────────────────────────┐
│ Emulator  │ Host:Port      │ View in Emulator UI             │
├───────────┼────────────────┼─────────────────────────────────┤
│ Functions │ localhost:5001 │ http://localhost:4000/functions │
├───────────┼────────────────┼─────────────────────────────────┤
│ Database  │ localhost:9000 │ http://localhost:4000/database  │
└───────────┴────────────────┴─────────────────────────────────┘
  Emulator Hub running at localhost:4400
  Other reserved ports: 4500

Issues? Report them at https://github.com/firebase/firebase-tools/issues and attach the *-debug.log files.
 
[debug] [2021-02-07T14:59:06.267Z] [work-queue] {"queueLength":1,"workRunningCount":0}
[debug] [2021-02-07T14:59:06.270Z] [work-queue] {"queueLength":0,"workRunningCount":1}
[debug] [2021-02-07T14:59:06.273Z] Accepted request GET /challenge-87799/us-central1/api --> api
[debug] [2021-02-07T14:59:06.290Z] [worker-pool] addWorker(api) {"metadata":{"emulator":{"name":"functions"},"message":"[worker-pool] addWorker(api)"}}
[debug] [2021-02-07T14:59:06.292Z] [worker-pool] Adding worker with key api, total=1 {"metadata":{"emulator":{"name":"functions"},"message":"[worker-pool] Adding worker with key api, total=1"}}
[debug] [2021-02-07T14:59:06.292Z] [worker-pool] submitWork(triggerId=api) {"metadata":{"emulator":{"name":"functions"},"message":"[worker-pool] submitWork(triggerId=api)"}}
[debug] [2021-02-07T14:59:06.293Z] [worker-api-73826fc1-68af-44ae-ae50-c794c8f2a927]: Assigning socketPath: /var/folders/y1/v75yyprx311ckqwlwmdth0440000gn/T/fire_emu_747.sock {"metadata":{"emulator":{"name":"functions"},"message":"[worker-api-73826fc1-68af-44ae-ae50-c794c8f2a927]: Assigning socketPath: /var/folders/y1/v75yyprx311ckqwlwmdth0440000gn/T/fire_emu_747.sock"}}
[debug] [2021-02-07T14:59:06.293Z] [worker-api-73826fc1-68af-44ae-ae50-c794c8f2a927]: BUSY {"metadata":{"emulator":{"name":"functions"},"message":"[worker-api-73826fc1-68af-44ae-ae50-c794c8f2a927]: BUSY"}}
[debug] [2021-02-07T14:59:06.764Z] [runtime-status] [747] Functions runtime initialized. {"cwd":"/Users/boonaneezkorookeez/Desktop/amazon-clone/amazon-clone/functions","node_version":"14.15.3"} {"metadata":{"emulator":{"name":"functions"},"function":{"name":"api"},"message":"[runtime-status] [747] Functions runtime initialized. {\"cwd\":\"/Users/boonaneezkorookeez/Desktop/amazon-clone/amazon-clone/functions\",\"node_version\":\"14.15.3\"}"}}
[debug] [2021-02-07T14:59:06.766Z] [runtime-status] [747] Disabled runtime features: undefined {"metadata":{"emulator":{"name":"functions"},"function":{"name":"api"},"message":"[runtime-status] [747] Disabled runtime features: undefined"}}
[debug] [2021-02-07T14:59:06.778Z] [runtime-status] [747] Resolved module firebase-admin {"declared":true,"installed":true,"version":"9.4.2","resolution":"/Users/boonaneezkorookeez/Desktop/amazon-clone/amazon-clone/functions/node_modules/firebase-admin/lib/index.js"} {"metadata":{"emulator":{"name":"functions"},"function":{"name":"api"},"message":"[runtime-status] [747] Resolved module firebase-admin {\"declared\":true,\"installed\":true,\"version\":\"9.4.2\",\"resolution\":\"/Users/boonaneezkorookeez/Desktop/amazon-clone/amazon-clone/functions/node_modules/firebase-admin/lib/index.js\"}"}}
[debug] [2021-02-07T14:59:06.779Z] [runtime-status] [747] Resolved module firebase-functions {"declared":true,"installed":true,"version":"3.13.1","resolution":"/Users/boonaneezkorookeez/Desktop/amazon-clone/amazon-clone/functions/node_modules/firebase-functions/lib/index.js"} {"metadata":{"emulator":{"name":"functions"},"function":{"name":"api"},"message":"[runtime-status] [747] Resolved module firebase-functions {\"declared\":true,\"installed\":true,\"version\":\"3.13.1\",\"resolution\":\"/Users/boonaneezkorookeez/Desktop/amazon-clone/amazon-clone/functions/node_modules/firebase-functions/lib/index.js\"}"}}
[debug] [2021-02-07T14:59:06.783Z] [runtime-status] [747] Resolved module firebase-functions {"declared":true,"installed":true,"version":"3.13.1","resolution":"/Users/boonaneezkorookeez/Desktop/amazon-clone/amazon-clone/functions/node_modules/firebase-functions/lib/index.js"} {"metadata":{"emulator":{"name":"functions"},"function":{"name":"api"},"message":"[runtime-status] [747] Resolved module firebase-functions {\"declared\":true,\"installed\":true,\"version\":\"3.13.1\",\"resolution\":\"/Users/boonaneezkorookeez/Desktop/amazon-clone/amazon-clone/functions/node_modules/firebase-functions/lib/index.js\"}"}}
[debug] [2021-02-07T14:59:06.794Z] [runtime-status] [747] Outgoing network have been stubbed. [{"name":"http","status":"mocked"},{"name":"http","status":"mocked"},{"name":"https","status":"mocked"},{"name":"https","status":"mocked"},{"name":"net","status":"mocked"}] {"metadata":{"emulator":{"name":"functions"},"function":{"name":"api"},"message":"[runtime-status] [747] Outgoing network have been stubbed. [{\"name\":\"http\",\"status\":\"mocked\"},{\"name\":\"http\",\"status\":\"mocked\"},{\"name\":\"https\",\"status\":\"mocked\"},{\"name\":\"https\",\"status\":\"mocked\"},{\"name\":\"net\",\"status\":\"mocked\"}]"}}
[debug] [2021-02-07T14:59:06.795Z] [runtime-status] [747] Resolved module firebase-functions {"declared":true,"installed":true,"version":"3.13.1","resolution":"/Users/boonaneezkorookeez/Desktop/amazon-clone/amazon-clone/functions/node_modules/firebase-functions/lib/index.js"} {"metadata":{"emulator":{"name":"functions"},"function":{"name":"api"},"message":"[runtime-status] [747] Resolved module firebase-functions {\"declared\":true,\"installed\":true,\"version\":\"3.13.1\",\"resolution\":\"/Users/boonaneezkorookeez/Desktop/amazon-clone/amazon-clone/functions/node_modules/firebase-functions/lib/index.js\"}"}}
[debug] [2021-02-07T14:59:06.930Z] [runtime-status] [747] Checked functions.config() {"config":{}} {"metadata":{"emulator":{"name":"functions"},"function":{"name":"api"},"message":"[runtime-status] [747] Checked functions.config() {\"config\":{}}"}}
[debug] [2021-02-07T14:59:06.931Z] [runtime-status] [747] firebase-functions has been stubbed. {"functionsResolution":{"declared":true,"installed":true,"version":"3.13.1","resolution":"/Users/boonaneezkorookeez/Desktop/amazon-clone/amazon-clone/functions/node_modules/firebase-functions/lib/index.js"}} {"metadata":{"emulator":{"name":"functions"},"function":{"name":"api"},"message":"[runtime-status] [747] firebase-functions has been stubbed. {\"functionsResolution\":{\"declared\":true,\"installed\":true,\"version\":\"3.13.1\",\"resolution\":\"/Users/boonaneezkorookeez/Desktop/amazon-clone/amazon-clone/functions/node_modules/firebase-functions/lib/index.js\"}}"}}
[debug] [2021-02-07T14:59:06.932Z] [runtime-status] [747] Resolved module firebase-functions {"declared":true,"installed":true,"version":"3.13.1","resolution":"/Users/boonaneezkorookeez/Desktop/amazon-clone/amazon-clone/functions/node_modules/firebase-functions/lib/index.js"} {"metadata":{"emulator":{"name":"functions"},"function":{"name":"api"},"message":"[runtime-status] [747] Resolved module firebase-functions {\"declared\":true,\"installed\":true,\"version\":\"3.13.1\",\"resolution\":\"/Users/boonaneezkorookeez/Desktop/amazon-clone/amazon-clone/functions/node_modules/firebase-functions/lib/index.js\"}"}}
[debug] [2021-02-07T14:59:06.933Z] [runtime-status] [747] Resolved module firebase-admin {"declared":true,"installed":true,"version":"9.4.2","resolution":"/Users/boonaneezkorookeez/Desktop/amazon-clone/amazon-clone/functions/node_modules/firebase-admin/lib/index.js"} {"metadata":{"emulator":{"name":"functions"},"function":{"name":"api"},"message":"[runtime-status] [747] Resolved module firebase-admin {\"declared\":true,\"installed\":true,\"version\":\"9.4.2\",\"resolution\":\"/Users/boonaneezkorookeez/Desktop/amazon-clone/amazon-clone/functions/node_modules/firebase-admin/lib/index.js\"}"}}
[debug] [2021-02-07T14:59:06.934Z] [runtime-status] [747] Resolved module firebase-functions {"declared":true,"installed":true,"version":"3.13.1","resolution":"/Users/boonaneezkorookeez/Desktop/amazon-clone/amazon-clone/functions/node_modules/firebase-functions/lib/index.js"} {"metadata":{"emulator":{"name":"functions"},"function":{"name":"api"},"message":"[runtime-status] [747] Resolved module firebase-functions {\"declared\":true,\"installed\":true,\"version\":\"3.13.1\",\"resolution\":\"/Users/boonaneezkorookeez/Desktop/amazon-clone/amazon-clone/functions/node_modules/firebase-functions/lib/index.js\"}"}}
[debug] [2021-02-07T14:59:06.934Z] [runtime-status] [747] firebase-admin has been stubbed. {"adminResolution":{"declared":true,"installed":true,"version":"9.4.2","resolution":"/Users/boonaneezkorookeez/Desktop/amazon-clone/amazon-clone/functions/node_modules/firebase-admin/lib/index.js"}} {"metadata":{"emulator":{"name":"functions"},"function":{"name":"api"},"message":"[runtime-status] [747] firebase-admin has been stubbed. {\"adminResolution\":{\"declared\":true,\"installed\":true,\"version\":\"9.4.2\",\"resolution\":\"/Users/boonaneezkorookeez/Desktop/amazon-clone/amazon-clone/functions/node_modules/firebase-admin/lib/index.js\"}}"}}
[debug] [2021-02-07T14:59:07.271Z] [runtime-status] [747] Trigger "api" has been found, beginning invocation! {"metadata":{"emulator":{"name":"functions"},"function":{"name":"api"},"message":"[runtime-status] [747] Trigger \"api\" has been found, beginning invocation!"}}
[info] i  functions: Beginning execution of "api" {"metadata":{"emulator":{"name":"functions"},"function":{"name":"api"},"message":"Beginning execution of \"api\""}}
[debug] [2021-02-07T14:59:07.272Z] [runtime-status] [747] triggerDefinition {"httpsTrigger":{},"name":"api","entryPoint":"api"} {"metadata":{"emulator":{"name":"functions"},"function":{"name":"api"},"message":"[runtime-status] [747] triggerDefinition {\"httpsTrigger\":{},\"name\":\"api\",\"entryPoint\":\"api\"}"}}
[debug] [2021-02-07T14:59:07.273Z] [runtime-status] [747] Running api in mode HTTPS {"metadata":{"emulator":{"name":"functions"},"function":{"name":"api"},"message":"[runtime-status] [747] Running api in mode HTTPS"}}
[debug] [2021-02-07T14:59:07.279Z] [runtime-status] [747] Attempting to listen to socketPath: /var/folders/y1/v75yyprx311ckqwlwmdth0440000gn/T/fire_emu_747.sock {"metadata":{"emulator":{"name":"functions"},"function":{"name":"api"},"message":"[runtime-status] [747] Attempting to listen to socketPath: /var/folders/y1/v75yyprx311ckqwlwmdth0440000gn/T/fire_emu_747.sock"}}
[debug] [2021-02-07T14:59:07.289Z] [functions] Runtime ready! Sending request! {"metadata":{"emulator":{"name":"functions"},"message":"[functions] Runtime ready! Sending request!"}}
[debug] [2021-02-07T14:59:07.291Z] [functions] Got req.url=/challenge-87799/us-central1/api, mapping to path=/ {"metadata":{"emulator":{"name":"functions"},"message":"[functions] Got req.url=/challenge-87799/us-central1/api, mapping to path=/"}}
[debug] [2021-02-07T14:59:07.312Z] [runtime-status] [747] Ephemeral server handling GET request {"metadata":{"emulator":{"name":"functions"},"function":{"name":"api"},"message":"[runtime-status] [747] Ephemeral server handling GET request"}}
[debug] [2021-02-07T14:59:07.326Z] Functions emulator received unknown request at path /favicon.ico
[debug] [2021-02-07T14:59:07.335Z] [runtime-status] [747] Ephemeral server survived. {"metadata":{"emulator":{"name":"functions"},"function":{"name":"api"},"message":"[runtime-status] [747] Ephemeral server survived."}}
[info] i  functions: Finished "api" in ~1s {"metadata":{"emulator":{"name":"functions"},"function":{"name":"api"},"message":"Finished \"api\" in ~1s"}}
[debug] [2021-02-07T14:59:07.375Z] [worker-api-73826fc1-68af-44ae-ae50-c794c8f2a927]: IDLE {"metadata":{"emulator":{"name":"functions"},"message":"[worker-api-73826fc1-68af-44ae-ae50-c794c8f2a927]: IDLE"}}
[debug] [2021-02-07T14:59:07.376Z] [work-queue] {"queueLength":0,"workRunningCount":0}
[debug] [2021-02-07T15:01:34.252Z] [work-queue] {"queueLength":1,"workRunningCount":0}
[debug] [2021-02-07T15:01:34.255Z] [work-queue] {"queueLength":0,"workRunningCount":1}
[debug] [2021-02-07T15:01:34.256Z] Accepted request POST /challenge-87799/us-central1/api/payments/create?total=0 --> api
[debug] [2021-02-07T15:01:34.257Z] [worker-pool] submitWork(triggerId=api) {"metadata":{"emulator":{"name":"functions"},"message":"[worker-pool] submitWork(triggerId=api)"}}
[debug] [2021-02-07T15:01:34.257Z] [worker-api-73826fc1-68af-44ae-ae50-c794c8f2a927]: Assigning socketPath: /var/folders/y1/v75yyprx311ckqwlwmdth0440000gn/T/fire_emu_747.sock {"metadata":{"emulator":{"name":"functions"},"message":"[worker-api-73826fc1-68af-44ae-ae50-c794c8f2a927]: Assigning socketPath: /var/folders/y1/v75yyprx311ckqwlwmdth0440000gn/T/fire_emu_747.sock"}}
[debug] [2021-02-07T15:01:34.258Z] [worker-api-73826fc1-68af-44ae-ae50-c794c8f2a927]: BUSY {"metadata":{"emulator":{"name":"functions"},"message":"[worker-api-73826fc1-68af-44ae-ae50-c794c8f2a927]: BUSY"}}
[debug] [2021-02-07T15:01:34.273Z] [runtime-status] [747] Trigger "api" has been found, beginning invocation! {"metadata":{"emulator":{"name":"functions"},"function":{"name":"api"},"message":"[runtime-status] [747] Trigger \"api\" has been found, beginning invocation!"}}
[info] i  functions: Beginning execution of "api" {"metadata":{"emulator":{"name":"functions"},"function":{"name":"api"},"message":"Beginning execution of \"api\""}}
[debug] [2021-02-07T15:01:34.277Z] [runtime-status] [747] triggerDefinition {"httpsTrigger":{},"name":"api","entryPoint":"api"} {"metadata":{"emulator":{"name":"functions"},"function":{"name":"api"},"message":"[runtime-status] [747] triggerDefinition {\"httpsTrigger\":{},\"name\":\"api\",\"entryPoint\":\"api\"}"}}
[debug] [2021-02-07T15:01:34.277Z] [runtime-status] [747] Running api in mode HTTPS {"metadata":{"emulator":{"name":"functions"},"function":{"name":"api"},"message":"[runtime-status] [747] Running api in mode HTTPS"}}
[debug] [2021-02-07T15:01:34.281Z] [runtime-status] [747] Attempting to listen to socketPath: /var/folders/y1/v75yyprx311ckqwlwmdth0440000gn/T/fire_emu_747.sock {"metadata":{"emulator":{"name":"functions"},"function":{"name":"api"},"message":"[runtime-status] [747] Attempting to listen to socketPath: /var/folders/y1/v75yyprx311ckqwlwmdth0440000gn/T/fire_emu_747.sock"}}
[debug] [2021-02-07T15:01:34.286Z] [functions] Runtime ready! Sending request! {"metadata":{"emulator":{"name":"functions"},"message":"[functions] Runtime ready! Sending request!"}}
[debug] [2021-02-07T15:01:34.287Z] [functions] Got req.url=/challenge-87799/us-central1/api/payments/create?total=0, mapping to path=/payments/create?total=0 {"metadata":{"emulator":{"name":"functions"},"message":"[functions] Got req.url=/challenge-87799/us-central1/api/payments/create?total=0, mapping to path=/payments/create?total=0"}}
[debug] [2021-02-07T15:01:34.313Z] [runtime-status] [747] Ephemeral server handling POST request {"metadata":{"emulator":{"name":"functions"},"function":{"name":"api"},"message":"[runtime-status] [747] Ephemeral server handling POST request"}}
[info] >  Payment Request Recieved BOOM ! ! ! for this amount >>>>> 0 {"user":"Payment Request Recieved BOOM ! ! ! for this amount >>>>> 0","metadata":{"emulator":{"name":"functions"},"function":{"name":"api"},"message":"\u001b[90m> \u001b[39m Payment Request Recieved BOOM ! ! ! for this amount >>>>> 0"}}
[debug] [2021-02-07T15:01:34.348Z] [runtime-status] [747] Ephemeral server survived. {"metadata":{"emulator":{"name":"functions"},"function":{"name":"api"},"message":"[runtime-status] [747] Ephemeral server survived."}}
[info] >  (node:747) UnhandledPromiseRejectionWarning: Error: This value must be greater than or equal to 1. {"user":"(node:747) UnhandledPromiseRejectionWarning: Error: This value must be greater than or equal to 1.","metadata":{"emulator":{"name":"functions"},"function":{"name":"api"},"message":"\u001b[90m> \u001b[39m (node:747) UnhandledPromiseRejectionWarning: Error: This value must be greater than or equal to 1."}}
[info] >      at Function.generate (/Users/boonaneezkorookeez/Desktop/amazon-clone/amazon-clone/functions/node_modules/stripe/lib/Error.js:40:16) {"user":"    at Function.generate (/Users/boonaneezkorookeez/Desktop/amazon-clone/amazon-clone/functions/node_modules/stripe/lib/Error.js:40:16)","metadata":{"emulator":{"name":"functions"},"function":{"name":"api"},"message":"\u001b[90m> \u001b[39m     at Function.generate (/Users/boonaneezkorookeez/Desktop/amazon-clone/amazon-clone/functions/node_modules/stripe/lib/Error.js:40:16)"}}
[info] >      at IncomingMessage.<anonymous> (/Users/boonaneezkorookeez/Desktop/amazon-clone/amazon-clone/functions/node_modules/stripe/lib/StripeResource.js:180:33) {"user":"    at IncomingMessage.<anonymous> (/Users/boonaneezkorookeez/Desktop/amazon-clone/amazon-clone/functions/node_modules/stripe/lib/StripeResource.js:180:33)","metadata":{"emulator":{"name":"functions"},"function":{"name":"api"},"message":"\u001b[90m> \u001b[39m     at IncomingMessage.<anonymous> (/Users/boonaneezkorookeez/Desktop/amazon-clone/amazon-clone/functions/node_modules/stripe/lib/StripeResource.js:180:33)"}}
[info] >      at Object.onceWrapper (events.js:421:28) {"user":"    at Object.onceWrapper (events.js:421:28)","metadata":{"emulator":{"name":"functions"},"function":{"name":"api"},"message":"\u001b[90m> \u001b[39m     at Object.onceWrapper (events.js:421:28)"}}
[info] >      at IncomingMessage.emit (events.js:327:22) {"user":"    at IncomingMessage.emit (events.js:327:22)","metadata":{"emulator":{"name":"functions"},"function":{"name":"api"},"message":"\u001b[90m> \u001b[39m     at IncomingMessage.emit (events.js:327:22)"}}
[info] >      at endReadableNT (internal/streams/readable.js:1327:12) {"user":"    at endReadableNT (internal/streams/readable.js:1327:12)","metadata":{"emulator":{"name":"functions"},"function":{"name":"api"},"message":"\u001b[90m> \u001b[39m     at endReadableNT (internal/streams/readable.js:1327:12)"}}
[info] >      at processTicksAndRejections (internal/process/task_queues.js:80:21) {"user":"    at processTicksAndRejections (internal/process/task_queues.js:80:21)","metadata":{"emulator":{"name":"functions"},"function":{"name":"api"},"message":"\u001b[90m> \u001b[39m     at processTicksAndRejections (internal/process/task_queues.js:80:21)"}}
[info] >  (Use `node --trace-warnings ...` to show where the warning was created) {"user":"(Use `node --trace-warnings ...` to show where the warning was created)","metadata":{"emulator":{"name":"functions"},"function":{"name":"api"},"message":"\u001b[90m> \u001b[39m (Use `node --trace-warnings ...` to show where the warning was created)"}}
[info] >  (node:747) UnhandledPromiseRejectionWarning: Unhandled promise rejection. This error originated either by throwing inside of an async function without a catch block, or by rejecting a promise which was not handled with .catch(). To terminate the node process on unhandled promise rejection, use the CLI flag `--unhandled-rejections=strict` (see https://nodejs.org/api/cli.html#cli_unhandled_rejections_mode). (rejection id: 1) {"user":"(node:747) UnhandledPromiseRejectionWarning: Unhandled promise rejection. This error originated either by throwing inside of an async function without a catch block, or by rejecting a promise which was not handled with .catch(). To terminate the node process on unhandled promise rejection, use the CLI flag `--unhandled-rejections=strict` (see https://nodejs.org/api/cli.html#cli_unhandled_rejections_mode). (rejection id: 1)","metadata":{"emulator":{"name":"functions"},"function":{"name":"api"},"message":"\u001b[90m> \u001b[39m (node:747) UnhandledPromiseRejectionWarning: Unhandled promise rejection. This error originated either by throwing inside of an async function without a catch block, or by rejecting a promise which was not handled with .catch(). To terminate the node process on unhandled promise rejection, use the CLI flag `--unhandled-rejections=strict` (see https://nodejs.org/api/cli.html#cli_unhandled_rejections_mode). (rejection id: 1)"}}
[info] >  (node:747) [DEP0018] DeprecationWarning: Unhandled promise rejections are deprecated. In the future, promise rejections that are not handled will terminate the Node.js process with a non-zero exit code. {"user":"(node:747) [DEP0018] DeprecationWarning: Unhandled promise rejections are deprecated. In the future, promise rejections that are not handled will terminate the Node.js process with a non-zero exit code.","metadata":{"emulator":{"name":"functions"},"function":{"name":"api"},"message":"\u001b[90m> \u001b[39m (node:747) [DEP0018] DeprecationWarning: Unhandled promise rejections are deprecated. In the future, promise rejections that are not handled will terminate the Node.js process with a non-zero exit code."}}
[debug] [2021-02-07T15:01:44.783Z] [work-queue] {"queueLength":1,"workRunningCount":1}
[debug] [2021-02-07T15:01:44.783Z] [work-queue] {"queueLength":0,"workRunningCount":2}
[debug] [2021-02-07T15:01:44.783Z] Accepted request POST /challenge-87799/us-central1/api/payments/create?total=47800 --> api
[debug] [2021-02-07T15:01:44.795Z] [worker-pool] addWorker(api) {"metadata":{"emulator":{"name":"functions"},"message":"[worker-pool] addWorker(api)"}}
[debug] [2021-02-07T15:01:44.796Z] [worker-pool] Adding worker with key api, total=2 {"metadata":{"emulator":{"name":"functions"},"message":"[worker-pool] Adding worker with key api, total=2"}}
[debug] [2021-02-07T15:01:44.801Z] [worker-pool] submitWork(triggerId=api) {"metadata":{"emulator":{"name":"functions"},"message":"[worker-pool] submitWork(triggerId=api)"}}
[debug] [2021-02-07T15:01:44.801Z] [worker-api-ae9770e9-c564-4d71-a1c6-57043d682e0d]: Assigning socketPath: /var/folders/y1/v75yyprx311ckqwlwmdth0440000gn/T/fire_emu_837.sock {"metadata":{"emulator":{"name":"functions"},"message":"[worker-api-ae9770e9-c564-4d71-a1c6-57043d682e0d]: Assigning socketPath: /var/folders/y1/v75yyprx311ckqwlwmdth0440000gn/T/fire_emu_837.sock"}}
[debug] [2021-02-07T15:01:44.806Z] [worker-api-ae9770e9-c564-4d71-a1c6-57043d682e0d]: BUSY {"metadata":{"emulator":{"name":"functions"},"message":"[worker-api-ae9770e9-c564-4d71-a1c6-57043d682e0d]: BUSY"}}
[debug] [2021-02-07T15:01:45.165Z] [runtime-status] [837] Functions runtime initialized. {"cwd":"/Users/boonaneezkorookeez/Desktop/amazon-clone/amazon-clone/functions","node_version":"14.15.3"} {"metadata":{"emulator":{"name":"functions"},"function":{"name":"api"},"message":"[runtime-status] [837] Functions runtime initialized. {\"cwd\":\"/Users/boonaneezkorookeez/Desktop/amazon-clone/amazon-clone/functions\",\"node_version\":\"14.15.3\"}"}}
[debug] [2021-02-07T15:01:45.167Z] [runtime-status] [837] Disabled runtime features: undefined {"metadata":{"emulator":{"name":"functions"},"function":{"name":"api"},"message":"[runtime-status] [837] Disabled runtime features: undefined"}}
[debug] [2021-02-07T15:01:45.173Z] [runtime-status] [837] Resolved module firebase-admin {"declared":true,"installed":true,"version":"9.4.2","resolution":"/Users/boonaneezkorookeez/Desktop/amazon-clone/amazon-clone/functions/node_modules/firebase-admin/lib/index.js"} {"metadata":{"emulator":{"name":"functions"},"function":{"name":"api"},"message":"[runtime-status] [837] Resolved module firebase-admin {\"declared\":true,\"installed\":true,\"version\":\"9.4.2\",\"resolution\":\"/Users/boonaneezkorookeez/Desktop/amazon-clone/amazon-clone/functions/node_modules/firebase-admin/lib/index.js\"}"}}
[debug] [2021-02-07T15:01:45.176Z] [runtime-status] [837] Resolved module firebase-functions {"declared":true,"installed":true,"version":"3.13.1","resolution":"/Users/boonaneezkorookeez/Desktop/amazon-clone/amazon-clone/functions/node_modules/firebase-functions/lib/index.js"} {"metadata":{"emulator":{"name":"functions"},"function":{"name":"api"},"message":"[runtime-status] [837] Resolved module firebase-functions {\"declared\":true,\"installed\":true,\"version\":\"3.13.1\",\"resolution\":\"/Users/boonaneezkorookeez/Desktop/amazon-clone/amazon-clone/functions/node_modules/firebase-functions/lib/index.js\"}"}}
[debug] [2021-02-07T15:01:45.181Z] [runtime-status] [837] Resolved module firebase-functions {"declared":true,"installed":true,"version":"3.13.1","resolution":"/Users/boonaneezkorookeez/Desktop/amazon-clone/amazon-clone/functions/node_modules/firebase-functions/lib/index.js"} {"metadata":{"emulator":{"name":"functions"},"function":{"name":"api"},"message":"[runtime-status] [837] Resolved module firebase-functions {\"declared\":true,\"installed\":true,\"version\":\"3.13.1\",\"resolution\":\"/Users/boonaneezkorookeez/Desktop/amazon-clone/amazon-clone/functions/node_modules/firebase-functions/lib/index.js\"}"}}
[debug] [2021-02-07T15:01:45.185Z] [runtime-status] [837] Outgoing network have been stubbed. [{"name":"http","status":"mocked"},{"name":"http","status":"mocked"},{"name":"https","status":"mocked"},{"name":"https","status":"mocked"},{"name":"net","status":"mocked"}] {"metadata":{"emulator":{"name":"functions"},"function":{"name":"api"},"message":"[runtime-status] [837] Outgoing network have been stubbed. [{\"name\":\"http\",\"status\":\"mocked\"},{\"name\":\"http\",\"status\":\"mocked\"},{\"name\":\"https\",\"status\":\"mocked\"},{\"name\":\"https\",\"status\":\"mocked\"},{\"name\":\"net\",\"status\":\"mocked\"}]"}}
[debug] [2021-02-07T15:01:45.186Z] [runtime-status] [837] Resolved module firebase-functions {"declared":true,"installed":true,"version":"3.13.1","resolution":"/Users/boonaneezkorookeez/Desktop/amazon-clone/amazon-clone/functions/node_modules/firebase-functions/lib/index.js"} {"metadata":{"emulator":{"name":"functions"},"function":{"name":"api"},"message":"[runtime-status] [837] Resolved module firebase-functions {\"declared\":true,\"installed\":true,\"version\":\"3.13.1\",\"resolution\":\"/Users/boonaneezkorookeez/Desktop/amazon-clone/amazon-clone/functions/node_modules/firebase-functions/lib/index.js\"}"}}
[debug] [2021-02-07T15:01:45.280Z] [runtime-status] [837] Checked functions.config() {"config":{}} {"metadata":{"emulator":{"name":"functions"},"function":{"name":"api"},"message":"[runtime-status] [837] Checked functions.config() {\"config\":{}}"}}
[debug] [2021-02-07T15:01:45.280Z] [runtime-status] [837] firebase-functions has been stubbed. {"functionsResolution":{"declared":true,"installed":true,"version":"3.13.1","resolution":"/Users/boonaneezkorookeez/Desktop/amazon-clone/amazon-clone/functions/node_modules/firebase-functions/lib/index.js"}} {"metadata":{"emulator":{"name":"functions"},"function":{"name":"api"},"message":"[runtime-status] [837] firebase-functions has been stubbed. {\"functionsResolution\":{\"declared\":true,\"installed\":true,\"version\":\"3.13.1\",\"resolution\":\"/Users/boonaneezkorookeez/Desktop/amazon-clone/amazon-clone/functions/node_modules/firebase-functions/lib/index.js\"}}"}}
[debug] [2021-02-07T15:01:45.281Z] [runtime-status] [837] Resolved module firebase-functions {"declared":true,"installed":true,"version":"3.13.1","resolution":"/Users/boonaneezkorookeez/Desktop/amazon-clone/amazon-clone/functions/node_modules/firebase-functions/lib/index.js"} {"metadata":{"emulator":{"name":"functions"},"function":{"name":"api"},"message":"[runtime-status] [837] Resolved module firebase-functions {\"declared\":true,\"installed\":true,\"version\":\"3.13.1\",\"resolution\":\"/Users/boonaneezkorookeez/Desktop/amazon-clone/amazon-clone/functions/node_modules/firebase-functions/lib/index.js\"}"}}
[debug] [2021-02-07T15:01:45.282Z] [runtime-status] [837] Resolved module firebase-admin {"declared":true,"installed":true,"version":"9.4.2","resolution":"/Users/boonaneezkorookeez/Desktop/amazon-clone/amazon-clone/functions/node_modules/firebase-admin/lib/index.js"} {"metadata":{"emulator":{"name":"functions"},"function":{"name":"api"},"message":"[runtime-status] [837] Resolved module firebase-admin {\"declared\":true,\"installed\":true,\"version\":\"9.4.2\",\"resolution\":\"/Users/boonaneezkorookeez/Desktop/amazon-clone/amazon-clone/functions/node_modules/firebase-admin/lib/index.js\"}"}}
[debug] [2021-02-07T15:01:45.283Z] [runtime-status] [837] Resolved module firebase-functions {"declared":true,"installed":true,"version":"3.13.1","resolution":"/Users/boonaneezkorookeez/Desktop/amazon-clone/amazon-clone/functions/node_modules/firebase-functions/lib/index.js"} {"metadata":{"emulator":{"name":"functions"},"function":{"name":"api"},"message":"[runtime-status] [837] Resolved module firebase-functions {\"declared\":true,\"installed\":true,\"version\":\"3.13.1\",\"resolution\":\"/Users/boonaneezkorookeez/Desktop/amazon-clone/amazon-clone/functions/node_modules/firebase-functions/lib/index.js\"}"}}
[debug] [2021-02-07T15:01:45.283Z] [runtime-status] [837] firebase-admin has been stubbed. {"adminResolution":{"declared":true,"installed":true,"version":"9.4.2","resolution":"/Users/boonaneezkorookeez/Desktop/amazon-clone/amazon-clone/functions/node_modules/firebase-admin/lib/index.js"}} {"metadata":{"emulator":{"name":"functions"},"function":{"name":"api"},"message":"[runtime-status] [837] firebase-admin has been stubbed. {\"adminResolution\":{\"declared\":true,\"installed\":true,\"version\":\"9.4.2\",\"resolution\":\"/Users/boonaneezkorookeez/Desktop/amazon-clone/amazon-clone/functions/node_modules/firebase-admin/lib/index.js\"}}"}}
[debug] [2021-02-07T15:01:45.665Z] [runtime-status] [837] Trigger "api" has been found, beginning invocation! {"metadata":{"emulator":{"name":"functions"},"function":{"name":"api"},"message":"[runtime-status] [837] Trigger \"api\" has been found, beginning invocation!"}}
[info] i  functions: Beginning execution of "api" {"metadata":{"emulator":{"name":"functions"},"function":{"name":"api"},"message":"Beginning execution of \"api\""}}
[debug] [2021-02-07T15:01:45.666Z] [runtime-status] [837] triggerDefinition {"httpsTrigger":{},"name":"api","entryPoint":"api"} {"metadata":{"emulator":{"name":"functions"},"function":{"name":"api"},"message":"[runtime-status] [837] triggerDefinition {\"httpsTrigger\":{},\"name\":\"api\",\"entryPoint\":\"api\"}"}}
[debug] [2021-02-07T15:01:45.666Z] [runtime-status] [837] Running api in mode HTTPS {"metadata":{"emulator":{"name":"functions"},"function":{"name":"api"},"message":"[runtime-status] [837] Running api in mode HTTPS"}}
[debug] [2021-02-07T15:01:45.678Z] [runtime-status] [837] Attempting to listen to socketPath: /var/folders/y1/v75yyprx311ckqwlwmdth0440000gn/T/fire_emu_837.sock {"metadata":{"emulator":{"name":"functions"},"function":{"name":"api"},"message":"[runtime-status] [837] Attempting to listen to socketPath: /var/folders/y1/v75yyprx311ckqwlwmdth0440000gn/T/fire_emu_837.sock"}}
[debug] [2021-02-07T15:01:45.683Z] [functions] Runtime ready! Sending request! {"metadata":{"emulator":{"name":"functions"},"message":"[functions] Runtime ready! Sending request!"}}
[debug] [2021-02-07T15:01:45.683Z] [functions] Got req.url=/challenge-87799/us-central1/api/payments/create?total=47800, mapping to path=/payments/create?total=47800 {"metadata":{"emulator":{"name":"functions"},"message":"[functions] Got req.url=/challenge-87799/us-central1/api/payments/create?total=47800, mapping to path=/payments/create?total=47800"}}
[debug] [2021-02-07T15:01:45.708Z] [runtime-status] [837] Ephemeral server handling POST request {"metadata":{"emulator":{"name":"functions"},"function":{"name":"api"},"message":"[runtime-status] [837] Ephemeral server handling POST request"}}
[info] >  Payment Request Recieved BOOM ! ! ! for this amount >>>>> 47800 {"user":"Payment Request Recieved BOOM ! ! ! for this amount >>>>> 47800","metadata":{"emulator":{"name":"functions"},"function":{"name":"api"},"message":"\u001b[90m> \u001b[39m Payment Request Recieved BOOM ! ! ! for this amount >>>>> 47800"}}
[debug] [2021-02-07T15:01:45.729Z] [runtime-status] [837] Ephemeral server survived. {"metadata":{"emulator":{"name":"functions"},"function":{"name":"api"},"message":"[runtime-status] [837] Ephemeral server survived."}}
[info] i  functions: Finished "api" in ~1s {"metadata":{"emulator":{"name":"functions"},"function":{"name":"api"},"message":"Finished \"api\" in ~1s"}}
[debug] [2021-02-07T15:01:46.240Z] [worker-api-ae9770e9-c564-4d71-a1c6-57043d682e0d]: IDLE {"metadata":{"emulator":{"name":"functions"},"message":"[worker-api-ae9770e9-c564-4d71-a1c6-57043d682e0d]: IDLE"}}
[debug] [2021-02-07T15:01:46.240Z] [work-queue] {"queueLength":0,"workRunningCount":1}
[debug] [2021-02-07T15:01:59.225Z] [work-queue] {"queueLength":1,"workRunningCount":1}
[debug] [2021-02-07T15:01:59.226Z] [work-queue] {"queueLength":0,"workRunningCount":2}
[debug] [2021-02-07T15:01:59.226Z] Accepted request POST /challenge-87799/us-central1/api/payments/create?total=0 --> api
[debug] [2021-02-07T15:01:59.226Z] [worker-pool] submitWork(triggerId=api) {"metadata":{"emulator":{"name":"functions"},"message":"[worker-pool] submitWork(triggerId=api)"}}
[debug] [2021-02-07T15:01:59.227Z] [worker-api-ae9770e9-c564-4d71-a1c6-57043d682e0d]: Assigning socketPath: /var/folders/y1/v75yyprx311ckqwlwmdth0440000gn/T/fire_emu_837.sock {"metadata":{"emulator":{"name":"functions"},"message":"[worker-api-ae9770e9-c564-4d71-a1c6-57043d682e0d]: Assigning socketPath: /var/folders/y1/v75yyprx311ckqwlwmdth0440000gn/T/fire_emu_837.sock"}}
[debug] [2021-02-07T15:01:59.227Z] [worker-api-ae9770e9-c564-4d71-a1c6-57043d682e0d]: BUSY {"metadata":{"emulator":{"name":"functions"},"message":"[worker-api-ae9770e9-c564-4d71-a1c6-57043d682e0d]: BUSY"}}
[debug] [2021-02-07T15:01:59.228Z] [runtime-status] [837] Trigger "api" has been found, beginning invocation! {"metadata":{"emulator":{"name":"functions"},"function":{"name":"api"},"message":"[runtime-status] [837] Trigger \"api\" has been found, beginning invocation!"}}
[info] i  functions: Beginning execution of "api" {"metadata":{"emulator":{"name":"functions"},"function":{"name":"api"},"message":"Beginning execution of \"api\""}}
[debug] [2021-02-07T15:01:59.229Z] [runtime-status] [837] triggerDefinition {"httpsTrigger":{},"name":"api","entryPoint":"api"} {"metadata":{"emulator":{"name":"functions"},"function":{"name":"api"},"message":"[runtime-status] [837] triggerDefinition {\"httpsTrigger\":{},\"name\":\"api\",\"entryPoint\":\"api\"}"}}
[debug] [2021-02-07T15:01:59.229Z] [runtime-status] [837] Running api in mode HTTPS {"metadata":{"emulator":{"name":"functions"},"function":{"name":"api"},"message":"[runtime-status] [837] Running api in mode HTTPS"}}
[debug] [2021-02-07T15:01:59.229Z] [runtime-status] [837] Attempting to listen to socketPath: /var/folders/y1/v75yyprx311ckqwlwmdth0440000gn/T/fire_emu_837.sock {"metadata":{"emulator":{"name":"functions"},"function":{"name":"api"},"message":"[runtime-status] [837] Attempting to listen to socketPath: /var/folders/y1/v75yyprx311ckqwlwmdth0440000gn/T/fire_emu_837.sock"}}
[debug] [2021-02-07T15:01:59.231Z] [functions] Runtime ready! Sending request! {"metadata":{"emulator":{"name":"functions"},"message":"[functions] Runtime ready! Sending request!"}}
[debug] [2021-02-07T15:01:59.231Z] [functions] Got req.url=/challenge-87799/us-central1/api/payments/create?total=0, mapping to path=/payments/create?total=0 {"metadata":{"emulator":{"name":"functions"},"message":"[functions] Got req.url=/challenge-87799/us-central1/api/payments/create?total=0, mapping to path=/payments/create?total=0"}}
[debug] [2021-02-07T15:01:59.235Z] [runtime-status] [837] Ephemeral server handling POST request {"metadata":{"emulator":{"name":"functions"},"function":{"name":"api"},"message":"[runtime-status] [837] Ephemeral server handling POST request"}}
[info] >  Payment Request Recieved BOOM ! ! ! for this amount >>>>> 0 {"user":"Payment Request Recieved BOOM ! ! ! for this amount >>>>> 0","metadata":{"emulator":{"name":"functions"},"function":{"name":"api"},"message":"\u001b[90m> \u001b[39m Payment Request Recieved BOOM ! ! ! for this amount >>>>> 0"}}
[debug] [2021-02-07T15:01:59.239Z] [runtime-status] [837] Ephemeral server survived. {"metadata":{"emulator":{"name":"functions"},"function":{"name":"api"},"message":"[runtime-status] [837] Ephemeral server survived."}}
[info] >  (node:837) UnhandledPromiseRejectionWarning: Error: This value must be greater than or equal to 1. {"user":"(node:837) UnhandledPromiseRejectionWarning: Error: This value must be greater than or equal to 1.","metadata":{"emulator":{"name":"functions"},"function":{"name":"api"},"message":"\u001b[90m> \u001b[39m (node:837) UnhandledPromiseRejectionWarning: Error: This value must be greater than or equal to 1."}}
[info] >      at Function.generate (/Users/boonaneezkorookeez/Desktop/amazon-clone/amazon-clone/functions/node_modules/stripe/lib/Error.js:40:16) {"user":"    at Function.generate (/Users/boonaneezkorookeez/Desktop/amazon-clone/amazon-clone/functions/node_modules/stripe/lib/Error.js:40:16)","metadata":{"emulator":{"name":"functions"},"function":{"name":"api"},"message":"\u001b[90m> \u001b[39m     at Function.generate (/Users/boonaneezkorookeez/Desktop/amazon-clone/amazon-clone/functions/node_modules/stripe/lib/Error.js:40:16)"}}
[info] >      at IncomingMessage.<anonymous> (/Users/boonaneezkorookeez/Desktop/amazon-clone/amazon-clone/functions/node_modules/stripe/lib/StripeResource.js:180:33) {"user":"    at IncomingMessage.<anonymous> (/Users/boonaneezkorookeez/Desktop/amazon-clone/amazon-clone/functions/node_modules/stripe/lib/StripeResource.js:180:33)","metadata":{"emulator":{"name":"functions"},"function":{"name":"api"},"message":"\u001b[90m> \u001b[39m     at IncomingMessage.<anonymous> (/Users/boonaneezkorookeez/Desktop/amazon-clone/amazon-clone/functions/node_modules/stripe/lib/StripeResource.js:180:33)"}}
[info] >      at Object.onceWrapper (events.js:421:28) {"user":"    at Object.onceWrapper (events.js:421:28)","metadata":{"emulator":{"name":"functions"},"function":{"name":"api"},"message":"\u001b[90m> \u001b[39m     at Object.onceWrapper (events.js:421:28)"}}
[info] >      at IncomingMessage.emit (events.js:327:22) {"user":"    at IncomingMessage.emit (events.js:327:22)","metadata":{"emulator":{"name":"functions"},"function":{"name":"api"},"message":"\u001b[90m> \u001b[39m     at IncomingMessage.emit (events.js:327:22)"}}
[info] >      at endReadableNT (internal/streams/readable.js:1327:12) {"user":"    at endReadableNT (internal/streams/readable.js:1327:12)","metadata":{"emulator":{"name":"functions"},"function":{"name":"api"},"message":"\u001b[90m> \u001b[39m     at endReadableNT (internal/streams/readable.js:1327:12)"}}
[info] >      at processTicksAndRejections (internal/process/task_queues.js:80:21) {"user":"    at processTicksAndRejections (internal/process/task_queues.js:80:21)","metadata":{"emulator":{"name":"functions"},"function":{"name":"api"},"message":"\u001b[90m> \u001b[39m     at processTicksAndRejections (internal/process/task_queues.js:80:21)"}}
[info] >  (Use `node --trace-warnings ...` to show where the warning was created) {"user":"(Use `node --trace-warnings ...` to show where the warning was created)","metadata":{"emulator":{"name":"functions"},"function":{"name":"api"},"message":"\u001b[90m> \u001b[39m (Use `node --trace-warnings ...` to show where the warning was created)"}}
[info] >  (node:837) UnhandledPromiseRejectionWarning: Unhandled promise rejection. This error originated either by throwing inside of an async function without a catch block, or by rejecting a promise which was not handled with .catch(). To terminate the node process on unhandled promise rejection, use the CLI flag `--unhandled-rejections=strict` (see https://nodejs.org/api/cli.html#cli_unhandled_rejections_mode). (rejection id: 1) {"user":"(node:837) UnhandledPromiseRejectionWarning: Unhandled promise rejection. This error originated either by throwing inside of an async function without a catch block, or by rejecting a promise which was not handled with .catch(). To terminate the node process on unhandled promise rejection, use the CLI flag `--unhandled-rejections=strict` (see https://nodejs.org/api/cli.html#cli_unhandled_rejections_mode). (rejection id: 1)","metadata":{"emulator":{"name":"functions"},"function":{"name":"api"},"message":"\u001b[90m> \u001b[39m (node:837) UnhandledPromiseRejectionWarning: Unhandled promise rejection. This error originated either by throwing inside of an async function without a catch block, or by rejecting a promise which was not handled with .catch(). To terminate the node process on unhandled promise rejection, use the CLI flag `--unhandled-rejections=strict` (see https://nodejs.org/api/cli.html#cli_unhandled_rejections_mode). (rejection id: 1)"}}
[info] >  (node:837) [DEP0018] DeprecationWarning: Unhandled promise rejections are deprecated. In the future, promise rejections that are not handled will terminate the Node.js process with a non-zero exit code. {"user":"(node:837) [DEP0018] DeprecationWarning: Unhandled promise rejections are deprecated. In the future, promise rejections that are not handled will terminate the Node.js process with a non-zero exit code.","metadata":{"emulator":{"name":"functions"},"function":{"name":"api"},"message":"\u001b[90m> \u001b[39m (node:837) [DEP0018] DeprecationWarning: Unhandled promise rejections are deprecated. In the future, promise rejections that are not handled will terminate the Node.js process with a non-zero exit code."}}
[warn] ⚠  functions: Your function timed out after ~60s. To configure this timeout, see
      https://firebase.google.com/docs/functions/manage-functions#set_timeout_and_memory_allocation. {"metadata":{"emulator":{"name":"functions"},"function":{"name":"api"},"message":"Your function timed out after ~60s. To configure this timeout, see\n      https://firebase.google.com/docs/functions/manage-functions#set_timeout_and_memory_allocation."}}
[info] >  /usr/local/lib/node_modules/firebase-tools/lib/emulator/functionsEmulatorRuntime.js:640 {"user":"/usr/local/lib/node_modules/firebase-tools/lib/emulator/functionsEmulatorRuntime.js:640","metadata":{"emulator":{"name":"functions"},"function":{"name":"api"},"message":"\u001b[90m> \u001b[39m /usr/local/lib/node_modules/firebase-tools/lib/emulator/functionsEmulatorRuntime.js:640"}}
[info] >              throw new Error("Function timed out."); {"user":"            throw new Error(\"Function timed out.\");","metadata":{"emulator":{"name":"functions"},"function":{"name":"api"},"message":"\u001b[90m> \u001b[39m             throw new Error(\"Function timed out.\");"}}
[info] >              ^ {"user":"            ^","metadata":{"emulator":{"name":"functions"},"function":{"name":"api"},"message":"\u001b[90m> \u001b[39m             ^"}}
[info] >   {"user":"","metadata":{"emulator":{"name":"functions"},"function":{"name":"api"},"message":"\u001b[90m> \u001b[39m "}}
[info] >  Error: Function timed out. {"user":"Error: Function timed out.","metadata":{"emulator":{"name":"functions"},"function":{"name":"api"},"message":"\u001b[90m> \u001b[39m Error: Function timed out."}}
[info] >      at Timeout._onTimeout (/usr/local/lib/node_modules/firebase-tools/lib/emulator/functionsEmulatorRuntime.js:640:19) {"user":"    at Timeout._onTimeout (/usr/local/lib/node_modules/firebase-tools/lib/emulator/functionsEmulatorRuntime.js:640:19)","metadata":{"emulator":{"name":"functions"},"function":{"name":"api"},"message":"\u001b[90m> \u001b[39m     at Timeout._onTimeout (/usr/local/lib/node_modules/firebase-tools/lib/emulator/functionsEmulatorRuntime.js:640:19)"}}
[info] >      at listOnTimeout (internal/timers.js:554:17) {"user":"    at listOnTimeout (internal/timers.js:554:17)","metadata":{"emulator":{"name":"functions"},"function":{"name":"api"},"message":"\u001b[90m> \u001b[39m     at listOnTimeout (internal/timers.js:554:17)"}}
[info] >      at processTimers (internal/timers.js:497:7) {"user":"    at processTimers (internal/timers.js:497:7)","metadata":{"emulator":{"name":"functions"},"function":{"name":"api"},"message":"\u001b[90m> \u001b[39m     at processTimers (internal/timers.js:497:7)"}}
[debug] [2021-02-07T15:02:34.317Z] [worker-api-73826fc1-68af-44ae-ae50-c794c8f2a927]: exited {"metadata":{"emulator":{"name":"functions"},"message":"[worker-api-73826fc1-68af-44ae-ae50-c794c8f2a927]: exited"}}
[debug] [2021-02-07T15:02:34.317Z] [worker-api-73826fc1-68af-44ae-ae50-c794c8f2a927]: FINISHED {"metadata":{"emulator":{"name":"functions"},"message":"[worker-api-73826fc1-68af-44ae-ae50-c794c8f2a927]: FINISHED"}}
[debug] [2021-02-07T15:02:34.317Z] [work-queue] {"queueLength":0,"workRunningCount":1}
[warn] ⚠  functions: Your function timed out after ~60s. To configure this timeout, see
      https://firebase.google.com/docs/functions/manage-functions#set_timeout_and_memory_allocation. {"metadata":{"emulator":{"name":"functions"},"function":{"name":"api"},"message":"Your function timed out after ~60s. To configure this timeout, see\n      https://firebase.google.com/docs/functions/manage-functions#set_timeout_and_memory_allocation."}}
[info] >  /usr/local/lib/node_modules/firebase-tools/lib/emulator/functionsEmulatorRuntime.js:640 {"user":"/usr/local/lib/node_modules/firebase-tools/lib/emulator/functionsEmulatorRuntime.js:640","metadata":{"emulator":{"name":"functions"},"function":{"name":"api"},"message":"\u001b[90m> \u001b[39m /usr/local/lib/node_modules/firebase-tools/lib/emulator/functionsEmulatorRuntime.js:640"}}
[info] >              throw new Error("Function timed out."); {"user":"            throw new Error(\"Function timed out.\");","metadata":{"emulator":{"name":"functions"},"function":{"name":"api"},"message":"\u001b[90m> \u001b[39m             throw new Error(\"Function timed out.\");"}}
[info] >              ^ {"user":"            ^","metadata":{"emulator":{"name":"functions"},"function":{"name":"api"},"message":"\u001b[90m> \u001b[39m             ^"}}
[info] >   {"user":"","metadata":{"emulator":{"name":"functions"},"function":{"name":"api"},"message":"\u001b[90m> \u001b[39m "}}
[info] >  Error: Function timed out. {"user":"Error: Function timed out.","metadata":{"emulator":{"name":"functions"},"function":{"name":"api"},"message":"\u001b[90m> \u001b[39m Error: Function timed out."}}
[info] >      at Timeout._onTimeout (/usr/local/lib/node_modules/firebase-tools/lib/emulator/functionsEmulatorRuntime.js:640:19) {"user":"    at Timeout._onTimeout (/usr/local/lib/node_modules/firebase-tools/lib/emulator/functionsEmulatorRuntime.js:640:19)","metadata":{"emulator":{"name":"functions"},"function":{"name":"api"},"message":"\u001b[90m> \u001b[39m     at Timeout._onTimeout (/usr/local/lib/node_modules/firebase-tools/lib/emulator/functionsEmulatorRuntime.js:640:19)"}}
[info] >      at listOnTimeout (internal/timers.js:554:17) {"user":"    at listOnTimeout (internal/timers.js:554:17)","metadata":{"emulator":{"name":"functions"},"function":{"name":"api"},"message":"\u001b[90m> \u001b[39m     at listOnTimeout (internal/timers.js:554:17)"}}
[info] >      at processTimers (internal/timers.js:497:7) {"user":"    at processTimers (internal/timers.js:497:7)","metadata":{"emulator":{"name":"functions"},"function":{"name":"api"},"message":"\u001b[90m> \u001b[39m     at processTimers (internal/timers.js:497:7)"}}
[debug] [2021-02-07T15:02:59.244Z] [worker-api-ae9770e9-c564-4d71-a1c6-57043d682e0d]: exited {"metadata":{"emulator":{"name":"functions"},"message":"[worker-api-ae9770e9-c564-4d71-a1c6-57043d682e0d]: exited"}}
[debug] [2021-02-07T15:02:59.244Z] [worker-api-ae9770e9-c564-4d71-a1c6-57043d682e0d]: FINISHED {"metadata":{"emulator":{"name":"functions"},"message":"[worker-api-ae9770e9-c564-4d71-a1c6-57043d682e0d]: FINISHED"}}
[debug] [2021-02-07T15:02:59.245Z] [work-queue] {"queueLength":0,"workRunningCount":0}
